{"C:\\Users\\tália\\Documents\\todo-api\\todo-api\\src\\app.js": {"path":"C:\\Users\\tália\\Documents\\todo-api\\todo-api\\src\\app.js","statementMap":{"0":{"start":{"line":1,"column":16},"end":{"line":1,"column":34}},"1":{"start":{"line":2,"column":20},"end":{"line":2,"column":45}},"2":{"start":{"line":4,"column":12},"end":{"line":4,"column":21}},"3":{"start":{"line":6,"column":0},"end":{"line":6,"column":24}},"4":{"start":{"line":9,"column":0},"end":{"line":11,"column":3}},"5":{"start":{"line":10,"column":2},"end":{"line":10,"column":55}},"6":{"start":{"line":13,"column":0},"end":{"line":13,"column":31}},"7":{"start":{"line":16,"column":0},"end":{"line":18,"column":3}},"8":{"start":{"line":17,"column":2},"end":{"line":17,"column":57}},"9":{"start":{"line":22,"column":0},"end":{"line":25,"column":3}},"10":{"start":{"line":23,"column":2},"end":{"line":23,"column":21}},"11":{"start":{"line":24,"column":2},"end":{"line":24,"column":62}},"12":{"start":{"line":27,"column":13},"end":{"line":27,"column":37}},"13":{"start":{"line":29,"column":0},"end":{"line":33,"column":1}},"14":{"start":{"line":30,"column":2},"end":{"line":32,"column":5}},"15":{"start":{"line":31,"column":4},"end":{"line":31,"column":53}},"16":{"start":{"line":35,"column":0},"end":{"line":35,"column":21}}},"fnMap":{"0":{"name":"(anonymous_0)","decl":{"start":{"line":9,"column":19},"end":{"line":9,"column":20}},"loc":{"start":{"line":9,"column":33},"end":{"line":11,"column":1}},"line":9},"1":{"name":"(anonymous_1)","decl":{"start":{"line":16,"column":8},"end":{"line":16,"column":9}},"loc":{"start":{"line":16,"column":22},"end":{"line":18,"column":1}},"line":16},"2":{"name":"(anonymous_2)","decl":{"start":{"line":22,"column":8},"end":{"line":22,"column":9}},"loc":{"start":{"line":22,"column":33},"end":{"line":25,"column":1}},"line":22},"3":{"name":"(anonymous_3)","decl":{"start":{"line":30,"column":19},"end":{"line":30,"column":20}},"loc":{"start":{"line":30,"column":25},"end":{"line":32,"column":3}},"line":30}},"branchMap":{"0":{"loc":{"start":{"line":27,"column":13},"end":{"line":27,"column":37}},"type":"binary-expr","locations":[{"start":{"line":27,"column":13},"end":{"line":27,"column":29}},{"start":{"line":27,"column":33},"end":{"line":27,"column":37}}],"line":27},"1":{"loc":{"start":{"line":29,"column":0},"end":{"line":33,"column":1}},"type":"if","locations":[{"start":{"line":29,"column":0},"end":{"line":33,"column":1}},{"start":{},"end":{}}],"line":29}},"s":{"0":1,"1":1,"2":1,"3":1,"4":1,"5":1,"6":1,"7":1,"8":0,"9":1,"10":0,"11":0,"12":1,"13":1,"14":0,"15":0,"16":1},"f":{"0":1,"1":0,"2":0,"3":0},"b":{"0":[1,1],"1":[0,1]},"_coverageSchema":"1a1c01bbd47fc00a2c39e90264f33305004495a9","hash":"3765247bbd294cbcb04a6048090553260042240f"}
,"C:\\Users\\tália\\Documents\\todo-api\\todo-api\\src\\db.js": {"path":"C:\\Users\\tália\\Documents\\todo-api\\todo-api\\src\\db.js","statementMap":{"0":{"start":{"line":7,"column":12},"end":{"line":7,"column":14}},"1":{"start":{"line":8,"column":13},"end":{"line":8,"column":14}},"2":{"start":{"line":11,"column":2},"end":{"line":11,"column":15}},"3":{"start":{"line":15,"column":2},"end":{"line":15,"column":46}},"4":{"start":{"line":15,"column":30},"end":{"line":15,"column":44}},"5":{"start":{"line":19,"column":15},"end":{"line":19,"column":44}},"6":{"start":{"line":20,"column":2},"end":{"line":20,"column":19}},"7":{"start":{"line":21,"column":2},"end":{"line":21,"column":14}},"8":{"start":{"line":25,"column":15},"end":{"line":25,"column":26}},"9":{"start":{"line":26,"column":2},"end":{"line":26,"column":25}},"10":{"start":{"line":26,"column":13},"end":{"line":26,"column":25}},"11":{"start":{"line":27,"column":2},"end":{"line":27,"column":31}},"12":{"start":{"line":28,"column":2},"end":{"line":28,"column":14}},"13":{"start":{"line":32,"column":16},"end":{"line":32,"column":57}},"14":{"start":{"line":32,"column":42},"end":{"line":32,"column":56}},"15":{"start":{"line":33,"column":2},"end":{"line":33,"column":33}},"16":{"start":{"line":33,"column":20},"end":{"line":33,"column":33}},"17":{"start":{"line":34,"column":2},"end":{"line":34,"column":25}},"18":{"start":{"line":35,"column":2},"end":{"line":35,"column":14}},"19":{"start":{"line":40,"column":2},"end":{"line":40,"column":13}},"20":{"start":{"line":41,"column":2},"end":{"line":41,"column":13}},"21":{"start":{"line":44,"column":0},"end":{"line":44,"column":68}}},"fnMap":{"0":{"name":"getAll","decl":{"start":{"line":10,"column":9},"end":{"line":10,"column":15}},"loc":{"start":{"line":10,"column":18},"end":{"line":12,"column":1}},"line":10},"1":{"name":"getById","decl":{"start":{"line":14,"column":9},"end":{"line":14,"column":16}},"loc":{"start":{"line":14,"column":21},"end":{"line":16,"column":1}},"line":14},"2":{"name":"(anonymous_2)","decl":{"start":{"line":15,"column":20},"end":{"line":15,"column":21}},"loc":{"start":{"line":15,"column":30},"end":{"line":15,"column":44}},"line":15},"3":{"name":"create","decl":{"start":{"line":18,"column":9},"end":{"line":18,"column":15}},"loc":{"start":{"line":18,"column":41},"end":{"line":22,"column":1}},"line":18},"4":{"name":"update","decl":{"start":{"line":24,"column":9},"end":{"line":24,"column":15}},"loc":{"start":{"line":24,"column":29},"end":{"line":29,"column":1}},"line":24},"5":{"name":"remove","decl":{"start":{"line":31,"column":9},"end":{"line":31,"column":15}},"loc":{"start":{"line":31,"column":20},"end":{"line":36,"column":1}},"line":31},"6":{"name":"(anonymous_6)","decl":{"start":{"line":32,"column":32},"end":{"line":32,"column":33}},"loc":{"start":{"line":32,"column":42},"end":{"line":32,"column":56}},"line":32},"7":{"name":"reset","decl":{"start":{"line":39,"column":9},"end":{"line":39,"column":14}},"loc":{"start":{"line":39,"column":17},"end":{"line":42,"column":1}},"line":39}},"branchMap":{"0":{"loc":{"start":{"line":18,"column":25},"end":{"line":18,"column":37}},"type":"default-arg","locations":[{"start":{"line":18,"column":32},"end":{"line":18,"column":37}}],"line":18},"1":{"loc":{"start":{"line":26,"column":2},"end":{"line":26,"column":25}},"type":"if","locations":[{"start":{"line":26,"column":2},"end":{"line":26,"column":25}},{"start":{},"end":{}}],"line":26},"2":{"loc":{"start":{"line":33,"column":2},"end":{"line":33,"column":33}},"type":"if","locations":[{"start":{"line":33,"column":2},"end":{"line":33,"column":33}},{"start":{},"end":{}}],"line":33}},"s":{"0":1,"1":1,"2":2,"3":6,"4":3,"5":6,"6":6,"7":6,"8":1,"9":1,"10":0,"11":1,"12":1,"13":2,"14":1,"15":2,"16":1,"17":1,"18":1,"19":12,"20":12,"21":1},"f":{"0":2,"1":6,"2":3,"3":6,"4":1,"5":2,"6":1,"7":12},"b":{"0":[6],"1":[0,1],"2":[1,1]},"_coverageSchema":"1a1c01bbd47fc00a2c39e90264f33305004495a9","hash":"6761703d8eac1604a5e246085f76f0e9c7156944"}
,"C:\\Users\\tália\\Documents\\todo-api\\todo-api\\src\\routes\\todos.js": {"path":"C:\\Users\\tália\\Documents\\todo-api\\todo-api\\src\\routes\\todos.js","statementMap":{"0":{"start":{"line":1,"column":16},"end":{"line":1,"column":34}},"1":{"start":{"line":2,"column":11},"end":{"line":2,"column":27}},"2":{"start":{"line":4,"column":15},"end":{"line":4,"column":31}},"3":{"start":{"line":7,"column":0},"end":{"line":9,"column":3}},"4":{"start":{"line":8,"column":2},"end":{"line":8,"column":24}},"5":{"start":{"line":12,"column":0},"end":{"line":18,"column":3}},"6":{"start":{"line":13,"column":15},"end":{"line":13,"column":48}},"7":{"start":{"line":14,"column":2},"end":{"line":16,"column":3}},"8":{"start":{"line":15,"column":4},"end":{"line":15,"column":68}},"9":{"start":{"line":17,"column":2},"end":{"line":17,"column":17}},"10":{"start":{"line":21,"column":0},"end":{"line":30,"column":3}},"11":{"start":{"line":22,"column":20},"end":{"line":22,"column":28}},"12":{"start":{"line":24,"column":2},"end":{"line":26,"column":3}},"13":{"start":{"line":25,"column":4},"end":{"line":25,"column":76}},"14":{"start":{"line":28,"column":15},"end":{"line":28,"column":49}},"15":{"start":{"line":29,"column":2},"end":{"line":29,"column":29}},"16":{"start":{"line":33,"column":0},"end":{"line":56,"column":3}},"17":{"start":{"line":34,"column":13},"end":{"line":34,"column":34}},"18":{"start":{"line":35,"column":19},"end":{"line":35,"column":33}},"19":{"start":{"line":37,"column":2},"end":{"line":39,"column":3}},"20":{"start":{"line":38,"column":4},"end":{"line":38,"column":68}},"21":{"start":{"line":41,"column":26},"end":{"line":41,"column":34}},"22":{"start":{"line":43,"column":2},"end":{"line":45,"column":3}},"23":{"start":{"line":44,"column":4},"end":{"line":44,"column":90}},"24":{"start":{"line":46,"column":2},"end":{"line":48,"column":3}},"25":{"start":{"line":47,"column":4},"end":{"line":47,"column":79}},"26":{"start":{"line":50,"column":18},"end":{"line":53,"column":4}},"27":{"start":{"line":55,"column":2},"end":{"line":55,"column":20}},"28":{"start":{"line":59,"column":0},"end":{"line":65,"column":3}},"29":{"start":{"line":60,"column":18},"end":{"line":60,"column":50}},"30":{"start":{"line":61,"column":2},"end":{"line":63,"column":3}},"31":{"start":{"line":62,"column":4},"end":{"line":62,"column":68}},"32":{"start":{"line":64,"column":2},"end":{"line":64,"column":25}},"33":{"start":{"line":67,"column":0},"end":{"line":67,"column":24}}},"fnMap":{"0":{"name":"(anonymous_0)","decl":{"start":{"line":7,"column":16},"end":{"line":7,"column":17}},"loc":{"start":{"line":7,"column":30},"end":{"line":9,"column":1}},"line":7},"1":{"name":"(anonymous_1)","decl":{"start":{"line":12,"column":19},"end":{"line":12,"column":20}},"loc":{"start":{"line":12,"column":33},"end":{"line":18,"column":1}},"line":12},"2":{"name":"(anonymous_2)","decl":{"start":{"line":21,"column":17},"end":{"line":21,"column":18}},"loc":{"start":{"line":21,"column":31},"end":{"line":30,"column":1}},"line":21},"3":{"name":"(anonymous_3)","decl":{"start":{"line":33,"column":19},"end":{"line":33,"column":20}},"loc":{"start":{"line":33,"column":33},"end":{"line":56,"column":1}},"line":33},"4":{"name":"(anonymous_4)","decl":{"start":{"line":59,"column":22},"end":{"line":59,"column":23}},"loc":{"start":{"line":59,"column":36},"end":{"line":65,"column":1}},"line":59}},"branchMap":{"0":{"loc":{"start":{"line":14,"column":2},"end":{"line":16,"column":3}},"type":"if","locations":[{"start":{"line":14,"column":2},"end":{"line":16,"column":3}},{"start":{},"end":{}}],"line":14},"1":{"loc":{"start":{"line":24,"column":2},"end":{"line":26,"column":3}},"type":"if","locations":[{"start":{"line":24,"column":2},"end":{"line":26,"column":3}},{"start":{},"end":{}}],"line":24},"2":{"loc":{"start":{"line":24,"column":6},"end":{"line":24,"column":58}},"type":"binary-expr","locations":[{"start":{"line":24,"column":6},"end":{"line":24,"column":12}},{"start":{"line":24,"column":16},"end":{"line":24,"column":41}},{"start":{"line":24,"column":45},"end":{"line":24,"column":58}}],"line":24},"3":{"loc":{"start":{"line":37,"column":2},"end":{"line":39,"column":3}},"type":"if","locations":[{"start":{"line":37,"column":2},"end":{"line":39,"column":3}},{"start":{},"end":{}}],"line":37},"4":{"loc":{"start":{"line":43,"column":2},"end":{"line":45,"column":3}},"type":"if","locations":[{"start":{"line":43,"column":2},"end":{"line":45,"column":3}},{"start":{},"end":{}}],"line":43},"5":{"loc":{"start":{"line":43,"column":6},"end":{"line":43,"column":73}},"type":"binary-expr","locations":[{"start":{"line":43,"column":6},"end":{"line":43,"column":25}},{"start":{"line":43,"column":30},"end":{"line":43,"column":55}},{"start":{"line":43,"column":59},"end":{"line":43,"column":72}}],"line":43},"6":{"loc":{"start":{"line":46,"column":2},"end":{"line":48,"column":3}},"type":"if","locations":[{"start":{"line":46,"column":2},"end":{"line":48,"column":3}},{"start":{},"end":{}}],"line":46},"7":{"loc":{"start":{"line":46,"column":6},"end":{"line":46,"column":53}},"type":"binary-expr","locations":[{"start":{"line":46,"column":6},"end":{"line":46,"column":24}},{"start":{"line":46,"column":28},"end":{"line":46,"column":53}}],"line":46},"8":{"loc":{"start":{"line":51,"column":8},"end":{"line":51,"column":54}},"type":"binary-expr","locations":[{"start":{"line":51,"column":8},"end":{"line":51,"column":27}},{"start":{"line":51,"column":31},"end":{"line":51,"column":54}}],"line":51},"9":{"loc":{"start":{"line":52,"column":8},"end":{"line":52,"column":38}},"type":"binary-expr","locations":[{"start":{"line":52,"column":8},"end":{"line":52,"column":26}},{"start":{"line":52,"column":30},"end":{"line":52,"column":38}}],"line":52},"10":{"loc":{"start":{"line":61,"column":2},"end":{"line":63,"column":3}},"type":"if","locations":[{"start":{"line":61,"column":2},"end":{"line":63,"column":3}},{"start":{},"end":{}}],"line":61}},"s":{"0":1,"1":1,"2":1,"3":1,"4":2,"5":1,"6":2,"7":2,"8":2,"9":0,"10":1,"11":8,"12":8,"13":2,"14":6,"15":6,"16":1,"17":3,"18":3,"19":3,"20":1,"21":2,"22":2,"23":0,"24":2,"25":1,"26":1,"27":1,"28":1,"29":2,"30":2,"31":1,"32":1,"33":1},"f":{"0":2,"1":2,"2":8,"3":3,"4":2},"b":{"0":[2,0],"1":[2,6],"2":[8,7,7],"3":[1,2],"4":[0,2],"5":[2,0,0],"6":[1,1],"7":[2,2],"8":[1,0],"9":[1,1],"10":[1,1]},"_coverageSchema":"1a1c01bbd47fc00a2c39e90264f33305004495a9","hash":"353d288f623263b5bb653abcbb19af177553cf43"}
}
