TN:
SF:src\app.js
FN:9,(anonymous_0)
FN:16,(anonymous_1)
FN:22,(anonymous_2)
FN:30,(anonymous_3)
FNF:4
FNH:1
FNDA:1,(anonymous_0)
FNDA:0,(anonymous_1)
FNDA:0,(anonymous_2)
FNDA:0,(anonymous_3)
DA:1,1
DA:2,1
DA:4,1
DA:6,1
DA:9,1
DA:10,1
DA:13,1
DA:16,1
DA:17,0
DA:22,1
DA:23,0
DA:24,0
DA:27,1
DA:29,1
DA:30,0
DA:31,0
DA:35,1
LF:17
LH:12
BRDA:27,0,0,1
BRDA:27,0,1,1
BRDA:29,1,0,0
BRDA:29,1,1,1
BRF:4
BRH:3
end_of_record
TN:
SF:src\db.js
FN:10,getAll
FN:14,getById
FN:15,(anonymous_2)
FN:18,create
FN:24,update
FN:31,remove
FN:32,(anonymous_6)
FN:39,reset
FNF:8
FNH:8
FNDA:2,getAll
FNDA:6,getById
FNDA:3,(anonymous_2)
FNDA:6,create
FNDA:1,update
FNDA:2,remove
FNDA:1,(anonymous_6)
FNDA:12,reset
DA:7,1
DA:8,1
DA:11,2
DA:15,6
DA:19,6
DA:20,6
DA:21,6
DA:25,1
DA:26,1
DA:27,1
DA:28,1
DA:32,2
DA:33,2
DA:34,1
DA:35,1
DA:40,12
DA:41,12
DA:44,1
LF:18
LH:18
BRDA:18,0,0,6
BRDA:26,1,0,0
BRDA:26,1,1,1
BRDA:33,2,0,1
BRDA:33,2,1,1
BRF:5
BRH:4
end_of_record
TN:
SF:src\routes\todos.js
FN:7,(anonymous_0)
FN:12,(anonymous_1)
FN:21,(anonymous_2)
FN:33,(anonymous_3)
FN:59,(anonymous_4)
FNF:5
FNH:5
FNDA:2,(anonymous_0)
FNDA:2,(anonymous_1)
FNDA:8,(anonymous_2)
FNDA:3,(anonymous_3)
FNDA:2,(anonymous_4)
DA:1,1
DA:2,1
DA:4,1
DA:7,1
DA:8,2
DA:12,1
DA:13,2
DA:14,2
DA:15,2
DA:17,0
DA:21,1
DA:22,8
DA:24,8
DA:25,2
DA:28,6
DA:29,6
DA:33,1
DA:34,3
DA:35,3
DA:37,3
DA:38,1
DA:41,2
DA:43,2
DA:44,0
DA:46,2
DA:47,1
DA:50,1
DA:55,1
DA:59,1
DA:60,2
DA:61,2
DA:62,1
DA:64,1
DA:67,1
LF:34
LH:32
BRDA:14,0,0,2
BRDA:14,0,1,0
BRDA:24,1,0,2
BRDA:24,1,1,6
BRDA:24,2,0,8
BRDA:24,2,1,7
BRDA:24,2,2,7
BRDA:37,3,0,1
BRDA:37,3,1,2
BRDA:43,4,0,0
BRDA:43,4,1,2
BRDA:43,5,0,2
BRDA:43,5,1,0
BRDA:43,5,2,0
BRDA:46,6,0,1
BRDA:46,6,1,1
BRDA:46,7,0,2
BRDA:46,7,1,2
BRDA:51,8,0,1
BRDA:51,8,1,0
BRDA:52,9,0,1
BRDA:52,9,1,1
BRDA:61,10,0,1
BRDA:61,10,1,1
BRF:24
BRH:19
end_of_record
